Using pre-set license
Built from '2021.3/staging' branch; Version is '2021.3.8f1 (b30333d56e81) revision 11731763'; Using compiler version '192829333'; Build Type 'Release'
OS: 'Windows 10  (10.0.19044) 64bit Professional' Language: 'ko' Physical Memory: 16265 MB
BatchMode: 1, IsHumanControllingUs: 0, StartBugReporterOnCrash: 0, Is64bit: 1, IsPro: 1

COMMAND LINE ARGUMENTS:
C:\Program Files\Unity\Hub\Editor\2021.3.8f1\Editor\Unity.exe
-adb2
-batchMode
-noUpm
-name
AssetImportWorker0
-projectPath
C:/Users/User/Documents/GitHub/firsttest/Tower textures
-logFile
Logs/AssetImportWorker0.log
-srvPort
60564
Successfully changed project path to: C:/Users/User/Documents/GitHub/firsttest/Tower textures
C:/Users/User/Documents/GitHub/firsttest/Tower textures
[UnityMemory] Configuration Parameters - Can be set up in boot.config
    "memorysetup-bucket-allocator-granularity=16"
    "memorysetup-bucket-allocator-bucket-count=8"
    "memorysetup-bucket-allocator-block-size=33554432"
    "memorysetup-bucket-allocator-block-count=8"
    "memorysetup-main-allocator-block-size=16777216"
    "memorysetup-thread-allocator-block-size=16777216"
    "memorysetup-gfx-main-allocator-block-size=16777216"
    "memorysetup-gfx-thread-allocator-block-size=16777216"
    "memorysetup-cache-allocator-block-size=4194304"
    "memorysetup-typetree-allocator-block-size=2097152"
    "memorysetup-profiler-bucket-allocator-granularity=16"
    "memorysetup-profiler-bucket-allocator-bucket-count=8"
    "memorysetup-profiler-bucket-allocator-block-size=33554432"
    "memorysetup-profiler-bucket-allocator-block-count=8"
    "memorysetup-profiler-allocator-block-size=16777216"
    "memorysetup-profiler-editor-allocator-block-size=1048576"
    "memorysetup-temp-allocator-size-main=16777216"
    "memorysetup-job-temp-allocator-block-size=2097152"
    "memorysetup-job-temp-allocator-block-size-background=1048576"
    "memorysetup-job-temp-allocator-reduction-small-platforms=262144"
    "memorysetup-temp-allocator-size-background-worker=32768"
    "memorysetup-temp-allocator-size-job-worker=262144"
    "memorysetup-temp-allocator-size-preload-manager=33554432"
    "memorysetup-temp-allocator-size-nav-mesh-worker=65536"
    "memorysetup-temp-allocator-size-audio-worker=65536"
    "memorysetup-temp-allocator-size-cloud-worker=32768"
    "memorysetup-temp-allocator-size-gi-baking-worker=262144"
    "memorysetup-temp-allocator-size-gfx=262144"
Refreshing native plugins compatible for Editor in 65.60 ms, found 3 plugins.
Preloading 0 native plugins for Editor in 0.00 ms.
Initialize engine version: 2021.3.8f1 (b30333d56e81)
[Subsystems] Discovering subsystems at path C:/Program Files/Unity/Hub/Editor/2021.3.8f1/Editor/Data/Resources/UnitySubsystems
[Subsystems] Discovering subsystems at path C:/Users/User/Documents/GitHub/firsttest/Tower textures/Assets
GfxDevice: creating device client; threaded=0; jobified=0
Direct3D:
    Version:  Direct3D 11.0 [level 11.1]
    Renderer: NVIDIA GeForce GTX 1660 SUPER (ID=0x21c4)
    Vendor:   NVIDIA
    VRAM:     5992 MB
    Driver:   31.0.15.1659
Initialize mono
Mono path[0] = 'C:/Program Files/Unity/Hub/Editor/2021.3.8f1/Editor/Data/Managed'
Mono path[1] = 'C:/Program Files/Unity/Hub/Editor/2021.3.8f1/Editor/Data/MonoBleedingEdge/lib/mono/unityjit-win32'
Mono config path = 'C:/Program Files/Unity/Hub/Editor/2021.3.8f1/Editor/Data/MonoBleedingEdge/etc'
Using monoOptions --debugger-agent=transport=dt_socket,embedding=1,server=y,suspend=n,address=127.0.0.1:56812
Begin MonoManager ReloadAssembly
Registering precompiled unity dll's ...
Register platform support module: C:/Program Files/Unity/Hub/Editor/2021.3.8f1/Editor/Data/PlaybackEngines/WindowsStandaloneSupport/UnityEditor.WindowsStandalone.Extensions.dll
Registered in 0.002342 seconds.
Native extension for WindowsStandalone target not found
Refreshing native plugins compatible for Editor in 65.89 ms, found 3 plugins.
Preloading 0 native plugins for Editor in 0.00 ms.
Mono: successfully reloaded assembly
- Completed reload, in  0.453 seconds
Domain Reload Profiling:
	ReloadAssembly (453ms)
		BeginReloadAssembly (55ms)
			ExecutionOrderSort (0ms)
			DisableScriptedObjects (0ms)
			BackupInstance (0ms)
			ReleaseScriptingObjects (0ms)
			CreateAndSetChildDomain (1ms)
		EndReloadAssembly (328ms)
			LoadAssemblies (55ms)
			RebuildTransferFunctionScriptingTraits (0ms)
			SetupTypeCache (84ms)
			ReleaseScriptCaches (0ms)
			RebuildScriptCaches (18ms)
			SetupLoadedEditorAssemblies (193ms)
				LogAssemblyErrors (0ms)
				InitializePlatformSupportModulesInManaged (5ms)
				SetLoadedEditorAssemblies (0ms)
				RefreshPlugins (66ms)
				BeforeProcessingInitializeOnLoad (1ms)
				ProcessInitializeOnLoadAttributes (89ms)
				ProcessInitializeOnLoadMethodAttributes (32ms)
				AfterProcessingInitializeOnLoad (0ms)
				EditorAssembliesLoaded (0ms)
			ExecutionOrderSort2 (0ms)
			AwakeInstancesAfterBackupRestoration (0ms)
Platform modules already initialized, skipping
Registering precompiled user dll's ...
Registered in 0.002989 seconds.
Begin MonoManager ReloadAssembly
Symbol file LoadedFromMemory doesn't match image C:\Users\User\Documents\GitHub\firsttest\Tower textures\Library\PackageCache\com.unity.visualscripting@1.7.8\Editor\VisualScripting.Core\Dependencies\YamlDotNet\Unity.VisualScripting.YamlDotNet.dll
Symbol file LoadedFromMemory doesn't match image C:\Users\User\Documents\GitHub\firsttest\Tower textures\Library\PackageCache\com.unity.visualscripting@1.7.8\Editor\VisualScripting.Core\Dependencies\DotNetZip\Unity.VisualScripting.IonicZip.dll
Native extension for WindowsStandalone target not found
Refreshing native plugins compatible for Editor in 0.48 ms, found 3 plugins.
Preloading 0 native plugins for Editor in 0.00 ms.
Mono: successfully reloaded assembly
- Completed reload, in  0.802 seconds
Domain Reload Profiling:
	ReloadAssembly (803ms)
		BeginReloadAssembly (95ms)
			ExecutionOrderSort (0ms)
			DisableScriptedObjects (4ms)
			BackupInstance (0ms)
			ReleaseScriptingObjects (0ms)
			CreateAndSetChildDomain (17ms)
		EndReloadAssembly (614ms)
			LoadAssemblies (76ms)
			RebuildTransferFunctionScriptingTraits (0ms)
			SetupTypeCache (205ms)
			ReleaseScriptCaches (0ms)
			RebuildScriptCaches (39ms)
			SetupLoadedEditorAssemblies (280ms)
				LogAssemblyErrors (0ms)
				InitializePlatformSupportModulesInManaged (3ms)
				SetLoadedEditorAssemblies (0ms)
				RefreshPlugins (1ms)
				BeforeProcessingInitializeOnLoad (76ms)
				ProcessInitializeOnLoadAttributes (175ms)
				ProcessInitializeOnLoadMethodAttributes (22ms)
				AfterProcessingInitializeOnLoad (3ms)
				EditorAssembliesLoaded (0ms)
			ExecutionOrderSort2 (0ms)
			AwakeInstancesAfterBackupRestoration (5ms)
Platform modules already initialized, skipping
========================================================================
Worker process is ready to serve import requests
Launched and connected shader compiler UnityShaderCompiler.exe after 0.02 seconds
Refreshing native plugins compatible for Editor in 1.12 ms, found 3 plugins.
Preloading 0 native plugins for Editor in 0.00 ms.
Unloading 3656 Unused Serialized files (Serialized files now loaded: 0)
Unloading 31 unused Assets / (396.2 KB). Loaded Objects now: 4111.
Memory consumption went from 131.1 MB to 130.7 MB.
Total: 5.457000 ms (FindLiveObjects: 0.579700 ms CreateObjectMapping: 0.461800 ms MarkObjects: 3.936800 ms  DeleteObjects: 0.473200 ms)

AssetImportParameters requested are different than current active one (requested -> active):
  custom:video-decoder-ogg-theora: a1e56fd34408186e4bbccfd4996cb3dc -> 
  custom:container-muxer-webm: aa71ff27fc2769a1b78a27578f13a17b -> 
  custom:container-demuxer-webm: 4f35f7cbe854078d1ac9338744f61a02 -> 
  custom:video-encoder-webm-vp8: eb34c28f22e8b96e1ab97ce403110664 -> 
  custom:audio-encoder-webm-vorbis: bf7c407c2cedff20999df2af8eb42d56 -> 
  custom:framework-win-MediaFoundation: 216162199b28c13a410421893ffa2e32 -> 
  custom:container-demuxer-ogg: 62fdf1f143b41e24485cea50d1cbac27 -> 
  custom:video-decoder-webm-vp8: 9c59270c3fd7afecdb556c50c9e8de78 -> 
  custom:audio-decoder-ogg-vorbis: bf7c407c2cedff20999df2af8eb42d56 -> 
========================================================================
Received Import Request.
  Time since last request: 3060.190510 seconds.
  path: Assets/UnityTechnologies/TowerDefenseTemplate/Data/Levels/LevelList.asset
  artifactKey: Guid(bd74d68ece99a42fe8d32a39ff8e7949) Importer(815301076,1909f56bfc062723c751e8b465ee728b)
Start importing Assets/UnityTechnologies/TowerDefenseTemplate/Data/Levels/LevelList.asset using Guid(bd74d68ece99a42fe8d32a39ff8e7949) Importer(815301076,1909f56bfc062723c751e8b465ee728b)  -> (artifact id: 'f4825c7ea34d4331d0d6a0412ec470c9') in 0.039007 seconds 
========================================================================
Received Import Request.
  Time since last request: 0.000096 seconds.
  path: Assets/UnityTechnologies/TowerDefenseTemplate/Data/Alignments/Player.asset
  artifactKey: Guid(2e20cdb38c63f4edf8ee385c50c089ce) Importer(815301076,1909f56bfc062723c751e8b465ee728b)
Start importing Assets/UnityTechnologies/TowerDefenseTemplate/Data/Alignments/Player.asset using Guid(2e20cdb38c63f4edf8ee385c50c089ce) Importer(815301076,1909f56bfc062723c751e8b465ee728b)  -> (artifact id: '09c99b0d0d55630d3c01fc87ae47e05e') in 0.011917 seconds 
========================================================================
Received Import Request.
  Time since last request: 0.000119 seconds.
  path: Assets/UnityTechnologies/TowerDefenseTemplate/Data/TowerLibrary/Level_1_TowerLibrary.asset
  artifactKey: Guid(f9a88c696ebce45318e1ae33adc9cfbc) Importer(815301076,1909f56bfc062723c751e8b465ee728b)
Start importing Assets/UnityTechnologies/TowerDefenseTemplate/Data/TowerLibrary/Level_1_TowerLibrary.asset using Guid(f9a88c696ebce45318e1ae33adc9cfbc) Importer(815301076,1909f56bfc062723c751e8b465ee728b)  -> (artifact id: 'a9c4b184710f03db13670bb3d83418bf') in 0.100864 seconds 
========================================================================
Received Import Request.
  Time since last request: 0.000025 seconds.
  path: Assets/UnityTechnologies/TowerDefenseTemplate/Data/Tower/Pylon2.asset
  artifactKey: Guid(b58078dcdcb8e4d68b99c9eb3fd322a8) Importer(815301076,1909f56bfc062723c751e8b465ee728b)
Start importing Assets/UnityTechnologies/TowerDefenseTemplate/Data/Tower/Pylon2.asset using Guid(b58078dcdcb8e4d68b99c9eb3fd322a8) Importer(815301076,1909f56bfc062723c751e8b465ee728b)  -> (artifact id: '468e10c7e08c5ea06d94387155c6fc22') in 0.001821 seconds 
========================================================================
Received Import Request.
  Time since last request: 0.000029 seconds.
  path: Assets/UnityTechnologies/TowerDefenseTemplate/Data/Tower/MachineGun3.asset
  artifactKey: Guid(93dd4e6472af64186a96aca626aeb5b7) Importer(815301076,1909f56bfc062723c751e8b465ee728b)
Start importing Assets/UnityTechnologies/TowerDefenseTemplate/Data/Tower/MachineGun3.asset using Guid(93dd4e6472af64186a96aca626aeb5b7) Importer(815301076,1909f56bfc062723c751e8b465ee728b)  -> (artifact id: '761c1c12c366d39139bf31584298abf2') in 0.002049 seconds 
========================================================================
Received Import Request.
  Time since last request: 0.000025 seconds.
  path: Assets/UnityTechnologies/TowerDefenseTemplate/Data/TowerLibrary/Level_3_TowerLibrary.asset
  artifactKey: Guid(90cba741d9b574c489ca36b0e3ae6a0b) Importer(815301076,1909f56bfc062723c751e8b465ee728b)
Start importing Assets/UnityTechnologies/TowerDefenseTemplate/Data/TowerLibrary/Level_3_TowerLibrary.asset using Guid(90cba741d9b574c489ca36b0e3ae6a0b) Importer(815301076,1909f56bfc062723c751e8b465ee728b)  -> (artifact id: '01318545264ec5317b9198f2a30a06fc') in 0.053361 seconds 
========================================================================
Received Import Request.
  Time since last request: 0.000036 seconds.
  path: Assets/UnityTechnologies/TowerDefenseTemplate/Data/TowerLibrary/Level_4_TowerLibrary.asset
  artifactKey: Guid(97d14e672407141aaab5cb5098adb3ed) Importer(815301076,1909f56bfc062723c751e8b465ee728b)
Start importing Assets/UnityTechnologies/TowerDefenseTemplate/Data/TowerLibrary/Level_4_TowerLibrary.asset using Guid(97d14e672407141aaab5cb5098adb3ed) Importer(815301076,1909f56bfc062723c751e8b465ee728b)  -> (artifact id: '918a62599baaa559a7eaac37cd7c2a12') in 0.043311 seconds 
========================================================================
Received Import Request.
  Time since last request: 0.000024 seconds.
  path: Assets/UnityTechnologies/TowerDefenseTemplate/Data/Tower/Emp1.asset
  artifactKey: Guid(83fc8568a9c3c4a62852b59b45e58d93) Importer(815301076,1909f56bfc062723c751e8b465ee728b)
Start importing Assets/UnityTechnologies/TowerDefenseTemplate/Data/Tower/Emp1.asset using Guid(83fc8568a9c3c4a62852b59b45e58d93) Importer(815301076,1909f56bfc062723c751e8b465ee728b)  -> (artifact id: '6fbf010c87cd26e6509795e01cbc9bdb') in 0.002173 seconds 
========================================================================
Received Import Request.
  Time since last request: 0.000031 seconds.
  path: Assets/UnityTechnologies/TowerDefenseTemplate/Data/Tower/MachineGun2.asset
  artifactKey: Guid(15d47f5f935234d87a2eef876576efab) Importer(815301076,1909f56bfc062723c751e8b465ee728b)
Start importing Assets/UnityTechnologies/TowerDefenseTemplate/Data/Tower/MachineGun2.asset using Guid(15d47f5f935234d87a2eef876576efab) Importer(815301076,1909f56bfc062723c751e8b465ee728b)  -> (artifact id: '8c55e6454069259e92599108ce023391') in 0.002589 seconds 
========================================================================
Received Import Request.
  Time since last request: 51.719313 seconds.
  path: Assets/UnityTechnologies/TowerDefenseTemplate/Models/Projectiles/Rocket_Projectile_Shadow.fbx
  artifactKey: Guid(a80ea39eabaf149638edf17de562b887) Importer(815301076,1909f56bfc062723c751e8b465ee728b)
Start importing Assets/UnityTechnologies/TowerDefenseTemplate/Models/Projectiles/Rocket_Projectile_Shadow.fbx using Guid(a80ea39eabaf149638edf17de562b887) Importer(815301076,1909f56bfc062723c751e8b465ee728b)  -> (artifact id: 'a7f93c37be8a94b9dc3520119a3a5414') in 0.097340 seconds 
========================================================================
Received Import Request.
  Time since last request: 5.341749 seconds.
  path: Assets/UnityTechnologies/TowerDefenseTemplate/Models/Towers/EMP Tower/EMP_Tower_level_1_Shadow.fbx
  artifactKey: Guid(779bf64d18fe54a7b9035172378af80c) Importer(815301076,1909f56bfc062723c751e8b465ee728b)
Start importing Assets/UnityTechnologies/TowerDefenseTemplate/Models/Towers/EMP Tower/EMP_Tower_level_1_Shadow.fbx using Guid(779bf64d18fe54a7b9035172378af80c) Importer(815301076,1909f56bfc062723c751e8b465ee728b)  -> (artifact id: '8264aa1d0e595670158e1e0e4a25fe9e') in 0.017733 seconds 
========================================================================
Received Import Request.
  Time since last request: 0.000047 seconds.
  path: Assets/UnityTechnologies/TowerDefenseTemplate/Models/Towers/EMP Tower/EMP_Tower_level_3.fbx
  artifactKey: Guid(220c2363b8fb44e4287e83ab206d82d5) Importer(815301076,1909f56bfc062723c751e8b465ee728b)
Start importing Assets/UnityTechnologies/TowerDefenseTemplate/Models/Towers/EMP Tower/EMP_Tower_level_3.fbx using Guid(220c2363b8fb44e4287e83ab206d82d5) Importer(815301076,1909f56bfc062723c751e8b465ee728b)  -> (artifact id: '693faf3bdfc3ed3908dc244c91a37439') in 0.016366 seconds 
========================================================================
Received Import Request.
  Time since last request: 0.000019 seconds.
  path: Assets/UnityTechnologies/TowerDefenseTemplate/Models/Towers/EMP Tower/EMP_Tower_level_3_Shadow.fbx
  artifactKey: Guid(8ecaa67fd9e2a495d9ba1343b126c651) Importer(815301076,1909f56bfc062723c751e8b465ee728b)
Start importing Assets/UnityTechnologies/TowerDefenseTemplate/Models/Towers/EMP Tower/EMP_Tower_level_3_Shadow.fbx using Guid(8ecaa67fd9e2a495d9ba1343b126c651) Importer(815301076,1909f56bfc062723c751e8b465ee728b)  -> (artifact id: '02077699025f2cd9c1c5cbf8fd27b166') in 0.018285 seconds 
========================================================================
Received Import Request.
  Time since last request: 3.198940 seconds.
  path: Assets/UnityTechnologies/TowerDefenseTemplate/Models/Towers/EMP Tower/Materials/EMP_Tower_level_2_tex_v001.mat
  artifactKey: Guid(0cada90001ebfe6418122d4488ae5535) Importer(815301076,1909f56bfc062723c751e8b465ee728b)
Start importing Assets/UnityTechnologies/TowerDefenseTemplate/Models/Towers/EMP Tower/Materials/EMP_Tower_level_2_tex_v001.mat using Guid(0cada90001ebfe6418122d4488ae5535) Importer(815301076,1909f56bfc062723c751e8b465ee728b)  -> (artifact id: 'f5714b426cbb4b85ff3155e3db3efa0b') in 0.038600 seconds 
========================================================================
Received Import Request.
  Time since last request: 58.990788 seconds.
  path: Assets/UnityTechnologies/TowerDefenseTemplate/PostProcessing/Utilities/CustomMotionTexture/Materials/DebugQuad.mat
  artifactKey: Guid(3c40c8fdc50a841579d7cb15882ac9d9) Importer(815301076,1909f56bfc062723c751e8b465ee728b)
Start importing Assets/UnityTechnologies/TowerDefenseTemplate/PostProcessing/Utilities/CustomMotionTexture/Materials/DebugQuad.mat using Guid(3c40c8fdc50a841579d7cb15882ac9d9) Importer(815301076,1909f56bfc062723c751e8b465ee728b)  -> (artifact id: '5f8e4f4206a219ace3d96e0dd954e201') in 0.033550 seconds 
========================================================================
Received Import Request.
  Time since last request: 0.000054 seconds.
  path: Assets/UnityTechnologies/TowerDefenseTemplate/PostProcessing/Utilities/CustomMotionTexture/Materials/WheelMotionVectors.mat
  artifactKey: Guid(055f7217f136349d9b68e82b9e987dae) Importer(815301076,1909f56bfc062723c751e8b465ee728b)
Start importing Assets/UnityTechnologies/TowerDefenseTemplate/PostProcessing/Utilities/CustomMotionTexture/Materials/WheelMotionVectors.mat using Guid(055f7217f136349d9b68e82b9e987dae) Importer(815301076,1909f56bfc062723c751e8b465ee728b)  -> (artifact id: '96e8acfbe2d5ba2edfa531326f6b1bb5') in 0.016182 seconds 
========================================================================
Received Import Request.
  Time since last request: 0.000038 seconds.
  path: Assets/UnityTechnologies/TowerDefenseTemplate/Models/Units/Materials/TankBoss_Albedo_V001.mat
  artifactKey: Guid(b9f2a11f3e13a884998bba58aaa61c4b) Importer(815301076,1909f56bfc062723c751e8b465ee728b)
Start importing Assets/UnityTechnologies/TowerDefenseTemplate/Models/Units/Materials/TankBoss_Albedo_V001.mat using Guid(b9f2a11f3e13a884998bba58aaa61c4b) Importer(815301076,1909f56bfc062723c751e8b465ee728b)  -> (artifact id: 'c993db05722ce9ff201a11d4d731097f') in 0.009480 seconds 
========================================================================
Received Import Request.
  Time since last request: 24.459835 seconds.
  path: Assets/UnityTechnologies/TowerDefenseTemplate/Models/Towers/Laser/LaserTower_BASE_L02.fbx
  artifactKey: Guid(85a7f547df06a4dd0a488c2c45f76e64) Importer(815301076,1909f56bfc062723c751e8b465ee728b)
Start importing Assets/UnityTechnologies/TowerDefenseTemplate/Models/Towers/Laser/LaserTower_BASE_L02.fbx using Guid(85a7f547df06a4dd0a488c2c45f76e64) Importer(815301076,1909f56bfc062723c751e8b465ee728b)  -> (artifact id: '4c503a7e61a6370aa938b825d4e65203') in 0.025626 seconds 
========================================================================
Received Import Request.
  Time since last request: 0.000014 seconds.
  path: Assets/UnityTechnologies/TowerDefenseTemplate/Models/Towers/Laser/LaserTower_TURRET_L01.fbx
  artifactKey: Guid(d158cd1ed36df4fed93c13f4cbf91f99) Importer(815301076,1909f56bfc062723c751e8b465ee728b)
Start importing Assets/UnityTechnologies/TowerDefenseTemplate/Models/Towers/Laser/LaserTower_TURRET_L01.fbx using Guid(d158cd1ed36df4fed93c13f4cbf91f99) Importer(815301076,1909f56bfc062723c751e8b465ee728b)  -> (artifact id: '6902fe81492ef20fe5b0384789e8b25b') in 0.036052 seconds 
========================================================================
Received Import Request.
  Time since last request: 0.000016 seconds.
  path: Assets/UnityTechnologies/TowerDefenseTemplate/Models/Towers/Laser/LaserTower_L02_Albedo_V001.tiff
  artifactKey: Guid(c61682045d83c4e7ea60f770a7947a71) Importer(815301076,1909f56bfc062723c751e8b465ee728b)
Start importing Assets/UnityTechnologies/TowerDefenseTemplate/Models/Towers/Laser/LaserTower_L02_Albedo_V001.tiff using Guid(c61682045d83c4e7ea60f770a7947a71) Importer(815301076,1909f56bfc062723c751e8b465ee728b)  -> (artifact id: 'f34930ea1f37d4fce0413103d498f20c') in 0.021384 seconds 
========================================================================
Received Import Request.
  Time since last request: 0.000021 seconds.
  path: Assets/UnityTechnologies/TowerDefenseTemplate/Models/Towers/Laser/LaserTower_TURRET_L03.fbx
  artifactKey: Guid(8031707b196244358abb896d165def8f) Importer(815301076,1909f56bfc062723c751e8b465ee728b)
Start importing Assets/UnityTechnologies/TowerDefenseTemplate/Models/Towers/Laser/LaserTower_TURRET_L03.fbx using Guid(8031707b196244358abb896d165def8f) Importer(815301076,1909f56bfc062723c751e8b465ee728b)  -> (artifact id: '8591458a5cb21e37e102cfc044901915') in 0.016762 seconds 
========================================================================
Received Import Request.
  Time since last request: 0.000036 seconds.
  path: Assets/UnityTechnologies/TowerDefenseTemplate/Models/Towers/Laser/LaserTower_TURRET_L02_Shadow.fbx
  artifactKey: Guid(cd4aa88c43e9b4a008ef41890d804843) Importer(815301076,1909f56bfc062723c751e8b465ee728b)
Start importing Assets/UnityTechnologies/TowerDefenseTemplate/Models/Towers/Laser/LaserTower_TURRET_L02_Shadow.fbx using Guid(cd4aa88c43e9b4a008ef41890d804843) Importer(815301076,1909f56bfc062723c751e8b465ee728b)  -> (artifact id: 'd2bfd34354a287947cb63bfb7f27a43f') in 0.015205 seconds 
========================================================================
Received Import Request.
  Time since last request: 6.236729 seconds.
  path: Assets/UnityTechnologies/TowerDefenseTemplate/Models/Towers/EnergyPylon/EnergyPylon_L01_Shadow.fbx
  artifactKey: Guid(eae20296c1c9b4145bb345e04a908cfc) Importer(815301076,1909f56bfc062723c751e8b465ee728b)
Start importing Assets/UnityTechnologies/TowerDefenseTemplate/Models/Towers/EnergyPylon/EnergyPylon_L01_Shadow.fbx using Guid(eae20296c1c9b4145bb345e04a908cfc) Importer(815301076,1909f56bfc062723c751e8b465ee728b)  -> (artifact id: 'e0a24ce692fb4656788497f0127d7de0') in 0.023241 seconds 
========================================================================
Received Import Request.
  Time since last request: 0.000041 seconds.
  path: Assets/UnityTechnologies/TowerDefenseTemplate/Models/Towers/EnergyPylon/EnergyPylon_L02_Albedo_V002.tiff
  artifactKey: Guid(36be37cf1318040a9995e9fa24699757) Importer(815301076,1909f56bfc062723c751e8b465ee728b)
Start importing Assets/UnityTechnologies/TowerDefenseTemplate/Models/Towers/EnergyPylon/EnergyPylon_L02_Albedo_V002.tiff using Guid(36be37cf1318040a9995e9fa24699757) Importer(815301076,1909f56bfc062723c751e8b465ee728b)  -> (artifact id: '760f33789380395ecfc19dd3ad65363c') in 0.029564 seconds 
========================================================================
Received Import Request.
  Time since last request: 0.000037 seconds.
  path: Assets/UnityTechnologies/TowerDefenseTemplate/Models/Towers/EnergyPylon/EnergyPylon_L03_Shadow.fbx
  artifactKey: Guid(d364d4a5494f9466b8d3596f900afd8c) Importer(815301076,1909f56bfc062723c751e8b465ee728b)
Start importing Assets/UnityTechnologies/TowerDefenseTemplate/Models/Towers/EnergyPylon/EnergyPylon_L03_Shadow.fbx using Guid(d364d4a5494f9466b8d3596f900afd8c) Importer(815301076,1909f56bfc062723c751e8b465ee728b)  -> (artifact id: 'd4083c871767a29c88af0f7aefe07f56') in 0.024547 seconds 
========================================================================
Received Import Request.
  Time since last request: 6.347046 seconds.
  path: Assets/UnityTechnologies/TowerDefenseTemplate/Models/Towers/MachineGun/Base_MachineGun_L02.fbx
  artifactKey: Guid(eef9d1528875a43edb151eb2f6326ff4) Importer(815301076,1909f56bfc062723c751e8b465ee728b)
Start importing Assets/UnityTechnologies/TowerDefenseTemplate/Models/Towers/MachineGun/Base_MachineGun_L02.fbx using Guid(eef9d1528875a43edb151eb2f6326ff4) Importer(815301076,1909f56bfc062723c751e8b465ee728b)  -> (artifact id: 'bbde72b1fa98d7c7173fe405f45d0a3f') in 0.031771 seconds 
========================================================================
Received Import Request.
  Time since last request: 0.000022 seconds.
  path: Assets/UnityTechnologies/TowerDefenseTemplate/Models/Towers/MachineGun/MachineGun_Level1_tex_v001.tif
  artifactKey: Guid(ac34ab42336e14c2393b35ce459ec2c9) Importer(815301076,1909f56bfc062723c751e8b465ee728b)
Start importing Assets/UnityTechnologies/TowerDefenseTemplate/Models/Towers/MachineGun/MachineGun_Level1_tex_v001.tif using Guid(ac34ab42336e14c2393b35ce459ec2c9) Importer(815301076,1909f56bfc062723c751e8b465ee728b)  -> (artifact id: '47e4c9f8d15fc4426d42a48ddafa02bf') in 0.038140 seconds 
========================================================================
Received Import Request.
  Time since last request: 0.000026 seconds.
  path: Assets/UnityTechnologies/TowerDefenseTemplate/Models/Towers/MachineGun/Turret_MachineGun_L03.fbx
  artifactKey: Guid(7b4f0cb8fc3314059b88194196134996) Importer(815301076,1909f56bfc062723c751e8b465ee728b)
Start importing Assets/UnityTechnologies/TowerDefenseTemplate/Models/Towers/MachineGun/Turret_MachineGun_L03.fbx using Guid(7b4f0cb8fc3314059b88194196134996) Importer(815301076,1909f56bfc062723c751e8b465ee728b)  -> (artifact id: '26d28b0c0f1bf24a752afd5f8821ac83') in 0.057735 seconds 
========================================================================
Received Import Request.
  Time since last request: 0.000014 seconds.
  path: Assets/UnityTechnologies/TowerDefenseTemplate/Models/Towers/MachineGun/Base_MachineGun_L03_Shadow.fbx
  artifactKey: Guid(997285826a7c945008c144da7cdc3689) Importer(815301076,1909f56bfc062723c751e8b465ee728b)
Start importing Assets/UnityTechnologies/TowerDefenseTemplate/Models/Towers/MachineGun/Base_MachineGun_L03_Shadow.fbx using Guid(997285826a7c945008c144da7cdc3689) Importer(815301076,1909f56bfc062723c751e8b465ee728b)  -> (artifact id: 'f75d8e569e82945a031ca1341147c827') in 0.032740 seconds 
========================================================================
Received Import Request.
  Time since last request: 0.417994 seconds.
  path: Assets/UnityTechnologies/TowerDefenseTemplate/Models/Towers/Rocket/Base_RocketTower_L02.fbx
  artifactKey: Guid(d9b2a39b852b44dc29a992c5bdd7da42) Importer(815301076,1909f56bfc062723c751e8b465ee728b)
Start importing Assets/UnityTechnologies/TowerDefenseTemplate/Models/Towers/Rocket/Base_RocketTower_L02.fbx using Guid(d9b2a39b852b44dc29a992c5bdd7da42) Importer(815301076,1909f56bfc062723c751e8b465ee728b)  -> (artifact id: '483085de50aab70389744a04d9173570') in 0.016123 seconds 
========================================================================
Received Import Request.
  Time since last request: 0.000025 seconds.
  path: Assets/UnityTechnologies/TowerDefenseTemplate/Models/Towers/Rocket/Turret_RocketTower_L02.fbx
  artifactKey: Guid(25834cacbbf5e4c9e8e23d0159570146) Importer(815301076,1909f56bfc062723c751e8b465ee728b)
Start importing Assets/UnityTechnologies/TowerDefenseTemplate/Models/Towers/Rocket/Turret_RocketTower_L02.fbx using Guid(25834cacbbf5e4c9e8e23d0159570146) Importer(815301076,1909f56bfc062723c751e8b465ee728b)  -> (artifact id: '7633c1c3cc2bea5b79d5e950047f88e4') in 0.016315 seconds 
========================================================================
Received Import Request.
  Time since last request: 0.000020 seconds.
  path: Assets/UnityTechnologies/TowerDefenseTemplate/Models/Towers/Rocket/Turret_RocketTower_L01.fbx
  artifactKey: Guid(67a055578b26444708b7df8956cd1336) Importer(815301076,1909f56bfc062723c751e8b465ee728b)
Start importing Assets/UnityTechnologies/TowerDefenseTemplate/Models/Towers/Rocket/Turret_RocketTower_L01.fbx using Guid(67a055578b26444708b7df8956cd1336) Importer(815301076,1909f56bfc062723c751e8b465ee728b)  -> (artifact id: '93ae79ed9a35c087e56260f7b9ac5697') in 0.017606 seconds 
========================================================================
Received Import Request.
  Time since last request: 0.000041 seconds.
  path: Assets/UnityTechnologies/TowerDefenseTemplate/Models/Towers/Rocket/Rocket_Tower_L01_Texture_V001.tif
  artifactKey: Guid(bde13cf56aaca4e55a00e43c8985a596) Importer(815301076,1909f56bfc062723c751e8b465ee728b)
Start importing Assets/UnityTechnologies/TowerDefenseTemplate/Models/Towers/Rocket/Rocket_Tower_L01_Texture_V001.tif using Guid(bde13cf56aaca4e55a00e43c8985a596) Importer(815301076,1909f56bfc062723c751e8b465ee728b)  -> (artifact id: '22fffbd16a0a96f4954708abb65b31c1') in 0.011068 seconds 
========================================================================
Received Import Request.
  Time since last request: 64.880741 seconds.
  path: Assets/UnityTechnologies/TowerDefenseTemplate/Models/Towers/EMP Tower/Materials/EMP_Tower_level_3_tex_v1.mat
  artifactKey: Guid(938da7e084ce4064c8e901896330d451) Importer(815301076,1909f56bfc062723c751e8b465ee728b)
Start importing Assets/UnityTechnologies/TowerDefenseTemplate/Models/Towers/EMP Tower/Materials/EMP_Tower_level_3_tex_v1.mat using Guid(938da7e084ce4064c8e901896330d451) Importer(815301076,1909f56bfc062723c751e8b465ee728b)  -> (artifact id: '2ee1bad46b8da51ed340e79eb6417646') in 0.009478 seconds 
========================================================================
Received Import Request.
  Time since last request: 16.532928 seconds.
  path: Assets/UnityTechnologies/TowerDefenseTemplate/Models/Towers/SuperTower/SuperTower_Base_Shadow.fbx
  artifactKey: Guid(edbec92379537441bbfdc3eab21363bc) Importer(815301076,1909f56bfc062723c751e8b465ee728b)
Start importing Assets/UnityTechnologies/TowerDefenseTemplate/Models/Towers/SuperTower/SuperTower_Base_Shadow.fbx using Guid(edbec92379537441bbfdc3eab21363bc) Importer(815301076,1909f56bfc062723c751e8b465ee728b)  -> (artifact id: '43f13c0c11575e04e9f74a6f71f67f66') in 0.033841 seconds 
========================================================================
Received Import Request.
  Time since last request: 12.499589 seconds.
  path: Assets/UnityTechnologies/TowerDefenseTemplate/Particles/Prefabs/BulletHit.prefab
  artifactKey: Guid(a4e0e87699dbd400aaf85d616d2618f8) Importer(815301076,1909f56bfc062723c751e8b465ee728b)
Start importing Assets/UnityTechnologies/TowerDefenseTemplate/Particles/Prefabs/BulletHit.prefab using Guid(a4e0e87699dbd400aaf85d616d2618f8) Importer(815301076,1909f56bfc062723c751e8b465ee728b)  -> (artifact id: 'fa1f58903aa950afc8b9bfcee1b2da5c') in 0.014172 seconds 
========================================================================
Received Import Request.
  Time since last request: 0.000018 seconds.
  path: Assets/UnityTechnologies/TowerDefenseTemplate/Particles/Prefabs/TowerDeathExplosion.prefab
  artifactKey: Guid(7a0476686964e41ac8320b7cf37868c2) Importer(815301076,1909f56bfc062723c751e8b465ee728b)
Start importing Assets/UnityTechnologies/TowerDefenseTemplate/Particles/Prefabs/TowerDeathExplosion.prefab using Guid(7a0476686964e41ac8320b7cf37868c2) Importer(815301076,1909f56bfc062723c751e8b465ee728b)  -> (artifact id: '42102b8b84d3d08af7c59d377e10b847') in 0.027311 seconds 
========================================================================
Received Import Request.
  Time since last request: 0.000045 seconds.
  path: Assets/UnityTechnologies/TowerDefenseTemplate/Particles/Prefabs/RocketTrail.prefab
  artifactKey: Guid(ea352f082d23a483daa35dba1978a527) Importer(815301076,1909f56bfc062723c751e8b465ee728b)
Start importing Assets/UnityTechnologies/TowerDefenseTemplate/Particles/Prefabs/RocketTrail.prefab using Guid(ea352f082d23a483daa35dba1978a527) Importer(815301076,1909f56bfc062723c751e8b465ee728b)  -> (artifact id: 'b34fdcca0cc3b8ee3d8d499f72930c82') in 0.010282 seconds 
========================================================================
Received Import Request.
  Time since last request: 10.913559 seconds.
  path: Assets/UnityTechnologies/TowerDefenseTemplate/Models/Units/BossTank_Turret.fbx
  artifactKey: Guid(617480999c0dc45179a0e237b678012d) Importer(815301076,1909f56bfc062723c751e8b465ee728b)
Start importing Assets/UnityTechnologies/TowerDefenseTemplate/Models/Units/BossTank_Turret.fbx using Guid(617480999c0dc45179a0e237b678012d) Importer(815301076,1909f56bfc062723c751e8b465ee728b)  -> (artifact id: '4dd8f17599972d4bc4c9abbfd1aaf959') in 0.026605 seconds 
========================================================================
Received Import Request.
  Time since last request: 0.000015 seconds.
  path: Assets/UnityTechnologies/TowerDefenseTemplate/Models/Units/Helicopter_Albedo_V002.tiff
  artifactKey: Guid(2a4e1d387d0f54096923078ee7d03dcd) Importer(815301076,1909f56bfc062723c751e8b465ee728b)
Start importing Assets/UnityTechnologies/TowerDefenseTemplate/Models/Units/Helicopter_Albedo_V002.tiff using Guid(2a4e1d387d0f54096923078ee7d03dcd) Importer(815301076,1909f56bfc062723c751e8b465ee728b)  -> (artifact id: '4dcc472bcf614b36e7f9d9df42af447c') in 0.020856 seconds 
========================================================================
Received Import Request.
  Time since last request: 0.000016 seconds.
  path: Assets/UnityTechnologies/TowerDefenseTemplate/Models/Units/Buggy_Albedo_V001.tiff
  artifactKey: Guid(973112698195146508777a0d8555d486) Importer(815301076,1909f56bfc062723c751e8b465ee728b)
Start importing Assets/UnityTechnologies/TowerDefenseTemplate/Models/Units/Buggy_Albedo_V001.tiff using Guid(973112698195146508777a0d8555d486) Importer(815301076,1909f56bfc062723c751e8b465ee728b)  -> (artifact id: '4f2784aa1bc3dc5a133a86dd84ad765e') in 0.008103 seconds 
========================================================================
Received Import Request.
  Time since last request: 0.000044 seconds.
  path: Assets/UnityTechnologies/TowerDefenseTemplate/Models/Units/Buggy_Orange_Albedo_V001.tiff
  artifactKey: Guid(b86728f8eac124dc2a36d8e4dba69cb2) Importer(815301076,1909f56bfc062723c751e8b465ee728b)
Start importing Assets/UnityTechnologies/TowerDefenseTemplate/Models/Units/Buggy_Orange_Albedo_V001.tiff using Guid(b86728f8eac124dc2a36d8e4dba69cb2) Importer(815301076,1909f56bfc062723c751e8b465ee728b)  -> (artifact id: 'a3b8f04ceb11f7ae4835ad1116056580') in 0.013653 seconds 
========================================================================
Received Import Request.
  Time since last request: 0.000043 seconds.
  path: Assets/UnityTechnologies/TowerDefenseTemplate/Models/Units/Helicopter_Shadow.fbx
  artifactKey: Guid(25a881f6998a247a5ab71b289546cae0) Importer(815301076,1909f56bfc062723c751e8b465ee728b)
Start importing Assets/UnityTechnologies/TowerDefenseTemplate/Models/Units/Helicopter_Shadow.fbx using Guid(25a881f6998a247a5ab71b289546cae0) Importer(815301076,1909f56bfc062723c751e8b465ee728b)  -> (artifact id: '470f6fb769059f0167d04e95c7abd292') in 0.017819 seconds 
========================================================================
Received Import Request.
  Time since last request: 0.000115 seconds.
  path: Assets/UnityTechnologies/TowerDefenseTemplate/Models/Units/HoverTank_Base_Shadow.fbx
  artifactKey: Guid(dda571f6dbd694b2b9ef9e97209dd450) Importer(815301076,1909f56bfc062723c751e8b465ee728b)
Start importing Assets/UnityTechnologies/TowerDefenseTemplate/Models/Units/HoverTank_Base_Shadow.fbx using Guid(dda571f6dbd694b2b9ef9e97209dd450) Importer(815301076,1909f56bfc062723c751e8b465ee728b)  -> (artifact id: '822a9d700549a164136ff0b5894d234d') in 0.015430 seconds 
========================================================================
Received Import Request.
  Time since last request: 0.000051 seconds.
  path: Assets/UnityTechnologies/TowerDefenseTemplate/Models/Units/Helicopter_FX_Cones.fbx
  artifactKey: Guid(8e6e6f20a4c004c14882d03b06b6d349) Importer(815301076,1909f56bfc062723c751e8b465ee728b)
Start importing Assets/UnityTechnologies/TowerDefenseTemplate/Models/Units/Helicopter_FX_Cones.fbx using Guid(8e6e6f20a4c004c14882d03b06b6d349) Importer(815301076,1909f56bfc062723c751e8b465ee728b)  -> (artifact id: '5c4927e20aeac20484b79bfff499887e') in 0.016893 seconds 
========================================================================
Received Import Request.
  Time since last request: 0.000019 seconds.
  path: Assets/UnityTechnologies/TowerDefenseTemplate/Models/Units/TankBoss_Orange_Albedo_V001.tiff
  artifactKey: Guid(365cc224435a64a2a94ac10812f9019e) Importer(815301076,1909f56bfc062723c751e8b465ee728b)
Start importing Assets/UnityTechnologies/TowerDefenseTemplate/Models/Units/TankBoss_Orange_Albedo_V001.tiff using Guid(365cc224435a64a2a94ac10812f9019e) Importer(815301076,1909f56bfc062723c751e8b465ee728b)  -> (artifact id: 'd9f3dc41e4c8617db8780b4a63b3ac1b') in 0.007494 seconds 
