Using pre-set license
Built from '2021.3/staging' branch; Version is '2021.3.8f1 (b30333d56e81) revision 11731763'; Using compiler version '192829333'; Build Type 'Release'
OS: 'Windows 10  (10.0.19044) 64bit Professional' Language: 'ko' Physical Memory: 16265 MB
BatchMode: 1, IsHumanControllingUs: 0, StartBugReporterOnCrash: 0, Is64bit: 1, IsPro: 1

COMMAND LINE ARGUMENTS:
C:\Program Files\Unity\Hub\Editor\2021.3.8f1\Editor\Unity.exe
-adb2
-batchMode
-noUpm
-name
AssetImportWorker1
-projectPath
C:/Users/User/Documents/GitHub/firsttest/Tower textures
-logFile
Logs/AssetImportWorker1.log
-srvPort
60034
Successfully changed project path to: C:/Users/User/Documents/GitHub/firsttest/Tower textures
C:/Users/User/Documents/GitHub/firsttest/Tower textures
[UnityMemory] Configuration Parameters - Can be set up in boot.config
    "memorysetup-bucket-allocator-granularity=16"
    "memorysetup-bucket-allocator-bucket-count=8"
    "memorysetup-bucket-allocator-block-size=33554432"
    "memorysetup-bucket-allocator-block-count=8"
    "memorysetup-main-allocator-block-size=16777216"
    "memorysetup-thread-allocator-block-size=16777216"
    "memorysetup-gfx-main-allocator-block-size=16777216"
    "memorysetup-gfx-thread-allocator-block-size=16777216"
    "memorysetup-cache-allocator-block-size=4194304"
    "memorysetup-typetree-allocator-block-size=2097152"
    "memorysetup-profiler-bucket-allocator-granularity=16"
    "memorysetup-profiler-bucket-allocator-bucket-count=8"
    "memorysetup-profiler-bucket-allocator-block-size=33554432"
    "memorysetup-profiler-bucket-allocator-block-count=8"
    "memorysetup-profiler-allocator-block-size=16777216"
    "memorysetup-profiler-editor-allocator-block-size=1048576"
    "memorysetup-temp-allocator-size-main=16777216"
    "memorysetup-job-temp-allocator-block-size=2097152"
    "memorysetup-job-temp-allocator-block-size-background=1048576"
    "memorysetup-job-temp-allocator-reduction-small-platforms=262144"
    "memorysetup-temp-allocator-size-background-worker=32768"
    "memorysetup-temp-allocator-size-job-worker=262144"
    "memorysetup-temp-allocator-size-preload-manager=33554432"
    "memorysetup-temp-allocator-size-nav-mesh-worker=65536"
    "memorysetup-temp-allocator-size-audio-worker=65536"
    "memorysetup-temp-allocator-size-cloud-worker=32768"
    "memorysetup-temp-allocator-size-gi-baking-worker=262144"
    "memorysetup-temp-allocator-size-gfx=262144"
Refreshing native plugins compatible for Editor in 54.88 ms, found 3 plugins.
Preloading 0 native plugins for Editor in 0.00 ms.
Initialize engine version: 2021.3.8f1 (b30333d56e81)
[Subsystems] Discovering subsystems at path C:/Program Files/Unity/Hub/Editor/2021.3.8f1/Editor/Data/Resources/UnitySubsystems
[Subsystems] Discovering subsystems at path C:/Users/User/Documents/GitHub/firsttest/Tower textures/Assets
GfxDevice: creating device client; threaded=0; jobified=0
Direct3D:
    Version:  Direct3D 11.0 [level 11.1]
    Renderer: NVIDIA GeForce GTX 1660 SUPER (ID=0x21c4)
    Vendor:   NVIDIA
    VRAM:     5992 MB
    Driver:   31.0.15.1659
Initialize mono
Mono path[0] = 'C:/Program Files/Unity/Hub/Editor/2021.3.8f1/Editor/Data/Managed'
Mono path[1] = 'C:/Program Files/Unity/Hub/Editor/2021.3.8f1/Editor/Data/MonoBleedingEdge/lib/mono/unityjit-win32'
Mono config path = 'C:/Program Files/Unity/Hub/Editor/2021.3.8f1/Editor/Data/MonoBleedingEdge/etc'
Using monoOptions --debugger-agent=transport=dt_socket,embedding=1,server=y,suspend=n,address=127.0.0.1:56964
Begin MonoManager ReloadAssembly
Registering precompiled unity dll's ...
Register platform support module: C:/Program Files/Unity/Hub/Editor/2021.3.8f1/Editor/Data/PlaybackEngines/WindowsStandaloneSupport/UnityEditor.WindowsStandalone.Extensions.dll
Registered in 0.002685 seconds.
Native extension for WindowsStandalone target not found
Refreshing native plugins compatible for Editor in 54.03 ms, found 3 plugins.
Preloading 0 native plugins for Editor in 0.00 ms.
Mono: successfully reloaded assembly
- Completed reload, in  0.428 seconds
Domain Reload Profiling:
	ReloadAssembly (428ms)
		BeginReloadAssembly (56ms)
			ExecutionOrderSort (0ms)
			DisableScriptedObjects (0ms)
			BackupInstance (0ms)
			ReleaseScriptingObjects (0ms)
			CreateAndSetChildDomain (1ms)
		EndReloadAssembly (300ms)
			LoadAssemblies (56ms)
			RebuildTransferFunctionScriptingTraits (0ms)
			SetupTypeCache (72ms)
			ReleaseScriptCaches (0ms)
			RebuildScriptCaches (20ms)
			SetupLoadedEditorAssemblies (176ms)
				LogAssemblyErrors (0ms)
				InitializePlatformSupportModulesInManaged (5ms)
				SetLoadedEditorAssemblies (0ms)
				RefreshPlugins (54ms)
				BeforeProcessingInitializeOnLoad (1ms)
				ProcessInitializeOnLoadAttributes (85ms)
				ProcessInitializeOnLoadMethodAttributes (31ms)
				AfterProcessingInitializeOnLoad (0ms)
				EditorAssembliesLoaded (0ms)
			ExecutionOrderSort2 (0ms)
			AwakeInstancesAfterBackupRestoration (0ms)
Platform modules already initialized, skipping
Registering precompiled user dll's ...
Registered in 0.002735 seconds.
Begin MonoManager ReloadAssembly
Symbol file LoadedFromMemory doesn't match image C:\Users\User\Documents\GitHub\firsttest\Tower textures\Library\PackageCache\com.unity.visualscripting@1.7.8\Editor\VisualScripting.Core\Dependencies\YamlDotNet\Unity.VisualScripting.YamlDotNet.dll
Symbol file LoadedFromMemory doesn't match image C:\Users\User\Documents\GitHub\firsttest\Tower textures\Library\PackageCache\com.unity.visualscripting@1.7.8\Editor\VisualScripting.Core\Dependencies\DotNetZip\Unity.VisualScripting.IonicZip.dll
Native extension for WindowsStandalone target not found
Refreshing native plugins compatible for Editor in 0.42 ms, found 3 plugins.
Preloading 0 native plugins for Editor in 0.00 ms.
Mono: successfully reloaded assembly
- Completed reload, in  0.701 seconds
Domain Reload Profiling:
	ReloadAssembly (701ms)
		BeginReloadAssembly (83ms)
			ExecutionOrderSort (0ms)
			DisableScriptedObjects (4ms)
			BackupInstance (0ms)
			ReleaseScriptingObjects (0ms)
			CreateAndSetChildDomain (13ms)
		EndReloadAssembly (542ms)
			LoadAssemblies (66ms)
			RebuildTransferFunctionScriptingTraits (0ms)
			SetupTypeCache (177ms)
			ReleaseScriptCaches (0ms)
			RebuildScriptCaches (36ms)
			SetupLoadedEditorAssemblies (248ms)
				LogAssemblyErrors (0ms)
				InitializePlatformSupportModulesInManaged (4ms)
				SetLoadedEditorAssemblies (0ms)
				RefreshPlugins (0ms)
				BeforeProcessingInitializeOnLoad (59ms)
				ProcessInitializeOnLoadAttributes (162ms)
				ProcessInitializeOnLoadMethodAttributes (20ms)
				AfterProcessingInitializeOnLoad (2ms)
				EditorAssembliesLoaded (0ms)
			ExecutionOrderSort2 (0ms)
			AwakeInstancesAfterBackupRestoration (5ms)
Platform modules already initialized, skipping
========================================================================
Worker process is ready to serve import requests
Launched and connected shader compiler UnityShaderCompiler.exe after 0.02 seconds
Refreshing native plugins compatible for Editor in 0.41 ms, found 3 plugins.
Preloading 0 native plugins for Editor in 0.00 ms.
Unloading 3377 Unused Serialized files (Serialized files now loaded: 0)
Unloading 27 unused Assets / (111.0 KB). Loaded Objects now: 3834.
Memory consumption went from 116.1 MB to 116.0 MB.
Total: 2.607200 ms (FindLiveObjects: 0.285200 ms CreateObjectMapping: 0.093600 ms MarkObjects: 2.150400 ms  DeleteObjects: 0.077200 ms)

AssetImportParameters requested are different than current active one (requested -> active):
  custom:video-decoder-ogg-theora: a1e56fd34408186e4bbccfd4996cb3dc -> 
  custom:container-muxer-webm: aa71ff27fc2769a1b78a27578f13a17b -> 
  custom:container-demuxer-webm: 4f35f7cbe854078d1ac9338744f61a02 -> 
  custom:video-encoder-webm-vp8: eb34c28f22e8b96e1ab97ce403110664 -> 
  custom:audio-encoder-webm-vorbis: bf7c407c2cedff20999df2af8eb42d56 -> 
  custom:framework-win-MediaFoundation: 216162199b28c13a410421893ffa2e32 -> 
  custom:container-demuxer-ogg: 62fdf1f143b41e24485cea50d1cbac27 -> 
  custom:video-decoder-webm-vp8: 9c59270c3fd7afecdb556c50c9e8de78 -> 
  custom:audio-decoder-ogg-vorbis: bf7c407c2cedff20999df2af8eb42d56 -> 
========================================================================
Received Import Request.
  Time since last request: 2545.586013 seconds.
  path: Assets
  artifactKey: Guid(00000000000000001000000000000000) Importer(815301076,1909f56bfc062723c751e8b465ee728b)
Start importing Assets using Guid(00000000000000001000000000000000) Importer(815301076,1909f56bfc062723c751e8b465ee728b)  -> (artifact id: '79842766b460edbeab6a34051e857a80') in 0.007407 seconds 
========================================================================
Received Prepare
Registering precompiled user dll's ...
Registered in 0.002837 seconds.
Begin MonoManager ReloadAssembly
Symbol file LoadedFromMemory doesn't match image C:\Users\User\Documents\GitHub\firsttest\Tower textures\Library\PackageCache\com.unity.visualscripting@1.7.8\Editor\VisualScripting.Core\Dependencies\YamlDotNet\Unity.VisualScripting.YamlDotNet.dll
Symbol file LoadedFromMemory doesn't match image C:\Users\User\Documents\GitHub\firsttest\Tower textures\Library\PackageCache\com.unity.visualscripting@1.7.8\Editor\VisualScripting.Core\Dependencies\DotNetZip\Unity.VisualScripting.IonicZip.dll
Native extension for WindowsStandalone target not found
Refreshing native plugins compatible for Editor in 0.65 ms, found 3 plugins.
Preloading 0 native plugins for Editor in 0.00 ms.
Mono: successfully reloaded assembly
- Completed reload, in  1.134 seconds
Domain Reload Profiling:
	ReloadAssembly (1134ms)
		BeginReloadAssembly (312ms)
			ExecutionOrderSort (0ms)
			DisableScriptedObjects (13ms)
			BackupInstance (0ms)
			ReleaseScriptingObjects (1ms)
			CreateAndSetChildDomain (139ms)
		EndReloadAssembly (636ms)
			LoadAssemblies (182ms)
			RebuildTransferFunctionScriptingTraits (0ms)
			SetupTypeCache (229ms)
			ReleaseScriptCaches (1ms)
			RebuildScriptCaches (29ms)
			SetupLoadedEditorAssemblies (233ms)
				LogAssemblyErrors (0ms)
				InitializePlatformSupportModulesInManaged (11ms)
				SetLoadedEditorAssemblies (0ms)
				RefreshPlugins (1ms)
				BeforeProcessingInitializeOnLoad (51ms)
				ProcessInitializeOnLoadAttributes (146ms)
				ProcessInitializeOnLoadMethodAttributes (20ms)
				AfterProcessingInitializeOnLoad (4ms)
				EditorAssembliesLoaded (0ms)
			ExecutionOrderSort2 (0ms)
			AwakeInstancesAfterBackupRestoration (6ms)
Platform modules already initialized, skipping
Refreshing native plugins compatible for Editor in 1.62 ms, found 3 plugins.
Preloading 0 native plugins for Editor in 0.00 ms.
Unloading 3652 Unused Serialized files (Serialized files now loaded: 0)
Unloading 45 unused Assets / (2.3 MB). Loaded Objects now: 4092.
Memory consumption went from 129.8 MB to 127.5 MB.
Total: 3.204900 ms (FindLiveObjects: 0.228500 ms CreateObjectMapping: 0.099400 ms MarkObjects: 2.228800 ms  DeleteObjects: 0.647500 ms)

AssetImportParameters requested are different than current active one (requested -> active):
  custom:video-decoder-ogg-theora: a1e56fd34408186e4bbccfd4996cb3dc -> 
  custom:container-muxer-webm: aa71ff27fc2769a1b78a27578f13a17b -> 
  custom:container-demuxer-webm: 4f35f7cbe854078d1ac9338744f61a02 -> 
  custom:video-encoder-webm-vp8: eb34c28f22e8b96e1ab97ce403110664 -> 
  custom:audio-encoder-webm-vorbis: bf7c407c2cedff20999df2af8eb42d56 -> 
  custom:framework-win-MediaFoundation: 216162199b28c13a410421893ffa2e32 -> 
  custom:container-demuxer-ogg: 62fdf1f143b41e24485cea50d1cbac27 -> 
  custom:video-decoder-webm-vp8: 9c59270c3fd7afecdb556c50c9e8de78 -> 
  custom:audio-decoder-ogg-vorbis: bf7c407c2cedff20999df2af8eb42d56 -> 
========================================================================
Received Import Request.
  Time since last request: 146.448836 seconds.
  path: Assets/UnityTechnologies/TowerDefenseTemplate/Models/Levels/Enviro_Level_1_COL.fbx
  artifactKey: Guid(7d5b20c8a4bb94a7faea8717dd4aced1) Importer(815301076,1909f56bfc062723c751e8b465ee728b)
Start importing Assets/UnityTechnologies/TowerDefenseTemplate/Models/Levels/Enviro_Level_1_COL.fbx using Guid(7d5b20c8a4bb94a7faea8717dd4aced1) Importer(815301076,1909f56bfc062723c751e8b465ee728b)  -> (artifact id: 'e408cd669a7a909f605524b90fa5f5df') in 0.314887 seconds 
========================================================================
Received Import Request.
  Time since last request: 0.000018 seconds.
  path: Assets/UnityTechnologies/TowerDefenseTemplate/Models/Levels/Enviro_Level_2.fbx
  artifactKey: Guid(c0acb67cc67044ec792123c78a445c25) Importer(815301076,1909f56bfc062723c751e8b465ee728b)
Start importing Assets/UnityTechnologies/TowerDefenseTemplate/Models/Levels/Enviro_Level_2.fbx using Guid(c0acb67cc67044ec792123c78a445c25) Importer(815301076,1909f56bfc062723c751e8b465ee728b)  -> (artifact id: '0587eb6deafd374db4f7a699c8f9d2bb') in 0.077811 seconds 
========================================================================
Received Import Request.
  Time since last request: 0.000023 seconds.
  path: Assets/UnityTechnologies/TowerDefenseTemplate/Models/Levels/Enviro_Level_2_COL.fbx
  artifactKey: Guid(8fb585f7e9d4c49219e693a26a303efd) Importer(815301076,1909f56bfc062723c751e8b465ee728b)
Start importing Assets/UnityTechnologies/TowerDefenseTemplate/Models/Levels/Enviro_Level_2_COL.fbx using Guid(8fb585f7e9d4c49219e693a26a303efd) Importer(815301076,1909f56bfc062723c751e8b465ee728b)  -> (artifact id: '44d58e797b55a908770169718d29db5c') in 0.012173 seconds 
========================================================================
Received Import Request.
  Time since last request: 0.000021 seconds.
  path: Assets/UnityTechnologies/TowerDefenseTemplate/Models/Levels/Enviro_Level_5.fbx
  artifactKey: Guid(886239b1d8d2045869a91612d6d6650b) Importer(815301076,1909f56bfc062723c751e8b465ee728b)
Start importing Assets/UnityTechnologies/TowerDefenseTemplate/Models/Levels/Enviro_Level_5.fbx using Guid(886239b1d8d2045869a91612d6d6650b) Importer(815301076,1909f56bfc062723c751e8b465ee728b)  -> (artifact id: '2e6cbfb3f02640a507898a1660179d5b') in 0.162353 seconds 
========================================================================
Received Import Request.
  Time since last request: 0.000017 seconds.
  path: Assets/UnityTechnologies/TowerDefenseTemplate/Models/Levels/Road_Tile_NormalMap_V003.tiff
  artifactKey: Guid(777f93d3f41014072b87a1eadb929fdc) Importer(815301076,1909f56bfc062723c751e8b465ee728b)
Start importing Assets/UnityTechnologies/TowerDefenseTemplate/Models/Levels/Road_Tile_NormalMap_V003.tiff using Guid(777f93d3f41014072b87a1eadb929fdc) Importer(815301076,1909f56bfc062723c751e8b465ee728b)  -> (artifact id: '3e4828f66122e79471fbde6f2e7dd185') in 0.021670 seconds 
========================================================================
Received Import Request.
  Time since last request: 0.000029 seconds.
  path: Assets/UnityTechnologies/TowerDefenseTemplate/Models/Levels/Enviro_Level_4_COL.fbx
  artifactKey: Guid(ae0df43d824ba4648821b8b7bea6a956) Importer(815301076,1909f56bfc062723c751e8b465ee728b)
Start importing Assets/UnityTechnologies/TowerDefenseTemplate/Models/Levels/Enviro_Level_4_COL.fbx using Guid(ae0df43d824ba4648821b8b7bea6a956) Importer(815301076,1909f56bfc062723c751e8b465ee728b)  -> (artifact id: '052d4fd3d207ad71d34ece9db15c58e7') in 0.014066 seconds 
========================================================================
Received Import Request.
  Time since last request: 0.000045 seconds.
  path: Assets/UnityTechnologies/TowerDefenseTemplate/Models/Player/HeadQuarters.fbx
  artifactKey: Guid(71168782495474ac69411fd475ef70e6) Importer(815301076,1909f56bfc062723c751e8b465ee728b)
Start importing Assets/UnityTechnologies/TowerDefenseTemplate/Models/Player/HeadQuarters.fbx using Guid(71168782495474ac69411fd475ef70e6) Importer(815301076,1909f56bfc062723c751e8b465ee728b)  -> (artifact id: '53b2d2422df9674c8b622cc72605ed5b') in 0.010306 seconds 
========================================================================
Received Import Request.
  Time since last request: 0.000016 seconds.
  path: Assets/UnityTechnologies/TowerDefenseTemplate/Models/Levels/Skybox.hdr
  artifactKey: Guid(2be281650d1134d16a0d7495ebf44612) Importer(815301076,1909f56bfc062723c751e8b465ee728b)
Start importing Assets/UnityTechnologies/TowerDefenseTemplate/Models/Levels/Skybox.hdr using Guid(2be281650d1134d16a0d7495ebf44612) Importer(815301076,1909f56bfc062723c751e8b465ee728b)  -> (artifact id: '180427599429bc224f0b8f5b15a5f10d') in 0.056434 seconds 
========================================================================
Received Import Request.
  Time since last request: 4.010536 seconds.
  path: Assets/UnityTechnologies/TowerDefenseTemplate/Materials/Levels/Level02_Environment.mat
  artifactKey: Guid(3193fb3698c1040779ae6240896338dd) Importer(815301076,1909f56bfc062723c751e8b465ee728b)
Start importing Assets/UnityTechnologies/TowerDefenseTemplate/Materials/Levels/Level02_Environment.mat using Guid(3193fb3698c1040779ae6240896338dd) Importer(815301076,1909f56bfc062723c751e8b465ee728b)  -> (artifact id: '146573a4534fda84def5cc19f59cbf42') in 0.179331 seconds 
========================================================================
Received Import Request.
  Time since last request: 0.000018 seconds.
  path: Assets/UnityTechnologies/TowerDefenseTemplate/Materials/Levels/Level04_Road.mat
  artifactKey: Guid(518f26152095f425f86fc3ac2a7f7a39) Importer(815301076,1909f56bfc062723c751e8b465ee728b)
Start importing Assets/UnityTechnologies/TowerDefenseTemplate/Materials/Levels/Level04_Road.mat using Guid(518f26152095f425f86fc3ac2a7f7a39) Importer(815301076,1909f56bfc062723c751e8b465ee728b)  -> (artifact id: 'd91543cfb66e88334202b23c7995cadc') in 0.182302 seconds 
========================================================================
Received Import Request.
  Time since last request: 2.766629 seconds.
  path: Assets/UnityTechnologies/TowerDefenseTemplate/Materials/Particles/BuggyHover_sprite.mat
  artifactKey: Guid(00317337bdfee49e29ab684e6af81a3b) Importer(815301076,1909f56bfc062723c751e8b465ee728b)
Start importing Assets/UnityTechnologies/TowerDefenseTemplate/Materials/Particles/BuggyHover_sprite.mat using Guid(00317337bdfee49e29ab684e6af81a3b) Importer(815301076,1909f56bfc062723c751e8b465ee728b)  -> (artifact id: '8a81387db7d4d3ec0a8b6fb827c326df') in 0.036270 seconds 
========================================================================
Received Import Request.
  Time since last request: 0.000019 seconds.
  path: Assets/UnityTechnologies/TowerDefenseTemplate/Materials/Particles/explosion_Flame_2.mat
  artifactKey: Guid(f870bad7fe0264670a3e08374df02d4b) Importer(815301076,1909f56bfc062723c751e8b465ee728b)
Start importing Assets/UnityTechnologies/TowerDefenseTemplate/Materials/Particles/explosion_Flame_2.mat using Guid(f870bad7fe0264670a3e08374df02d4b) Importer(815301076,1909f56bfc062723c751e8b465ee728b)  -> (artifact id: '8958ab46c1338b7e67d0aeb0cefc59b3') in 0.008218 seconds 
========================================================================
Received Import Request.
  Time since last request: 0.000040 seconds.
  path: Assets/UnityTechnologies/TowerDefenseTemplate/Materials/Particles/explosion_Smoke_3.mat
  artifactKey: Guid(35e327ac964fe4aff99b3209d04290fb) Importer(815301076,1909f56bfc062723c751e8b465ee728b)
Start importing Assets/UnityTechnologies/TowerDefenseTemplate/Materials/Particles/explosion_Smoke_3.mat using Guid(35e327ac964fe4aff99b3209d04290fb) Importer(815301076,1909f56bfc062723c751e8b465ee728b)  -> (artifact id: 'e77bff4b19bdb6de09e456efd9f9f00a') in 0.026868 seconds 
========================================================================
Received Import Request.
  Time since last request: 7.824889 seconds.
  path: Assets/UnityTechnologies/TowerDefenseTemplate/Materials/UI/HomeBaseTargetZone.mat
  artifactKey: Guid(d1c3a235beb7046a69ab15a9d7be2d39) Importer(815301076,1909f56bfc062723c751e8b465ee728b)
Start importing Assets/UnityTechnologies/TowerDefenseTemplate/Materials/UI/HomeBaseTargetZone.mat using Guid(d1c3a235beb7046a69ab15a9d7be2d39) Importer(815301076,1909f56bfc062723c751e8b465ee728b)  -> (artifact id: 'd37769b71b08458fcf319be672993a76') in 0.173710 seconds 
========================================================================
Received Import Request.
  Time since last request: 0.000020 seconds.
  path: Assets/UnityTechnologies/TowerDefenseTemplate/Materials/UI/RadiusVisualiser.mat
  artifactKey: Guid(855893e92f3cf4555aad85c898c241d0) Importer(815301076,1909f56bfc062723c751e8b465ee728b)
Start importing Assets/UnityTechnologies/TowerDefenseTemplate/Materials/UI/RadiusVisualiser.mat using Guid(855893e92f3cf4555aad85c898c241d0) Importer(815301076,1909f56bfc062723c751e8b465ee728b)  -> (artifact id: 'eec8462385c35c05c9b0707f8c0fab7b') in 0.083759 seconds 
========================================================================
Received Import Request.
  Time since last request: 1.642909 seconds.
  path: Assets/UnityTechnologies/TowerDefenseTemplate/Materials/Units/Helicopter_Albedo_V001.mat
  artifactKey: Guid(c0a039e78e66a44f8b90ddafc2c87582) Importer(815301076,1909f56bfc062723c751e8b465ee728b)
Start importing Assets/UnityTechnologies/TowerDefenseTemplate/Materials/Units/Helicopter_Albedo_V001.mat using Guid(c0a039e78e66a44f8b90ddafc2c87582) Importer(815301076,1909f56bfc062723c751e8b465ee728b)  -> (artifact id: '217ab103e518eee0e4337496ac8cfc06') in 0.019894 seconds 
========================================================================
Received Import Request.
  Time since last request: 0.000034 seconds.
  path: Assets/UnityTechnologies/TowerDefenseTemplate/Materials/Units/TankBasic_Orange_Albedo_V001.mat
  artifactKey: Guid(7084429b061944eb98d2cb35c262f1b4) Importer(815301076,1909f56bfc062723c751e8b465ee728b)
Start importing Assets/UnityTechnologies/TowerDefenseTemplate/Materials/Units/TankBasic_Orange_Albedo_V001.mat using Guid(7084429b061944eb98d2cb35c262f1b4) Importer(815301076,1909f56bfc062723c751e8b465ee728b)  -> (artifact id: 'df700d4f664f7c1d0f539b6ad9915b8b') in 0.012054 seconds 
========================================================================
Received Import Request.
  Time since last request: 28.137631 seconds.
  path: Assets/UnityTechnologies/TowerDefenseTemplate/Data/LowQPostprocessing.asset
  artifactKey: Guid(268808a5589c44cc0949038f87d065b3) Importer(815301076,1909f56bfc062723c751e8b465ee728b)
Start importing Assets/UnityTechnologies/TowerDefenseTemplate/Data/LowQPostprocessing.asset using Guid(268808a5589c44cc0949038f87d065b3) Importer(815301076,1909f56bfc062723c751e8b465ee728b)  -> (artifact id: '87d8393b1f9b59cce930fc680176872d') in 0.006115 seconds 
========================================================================
Received Import Request.
  Time since last request: 2.684624 seconds.
  path: Assets/UnityTechnologies/TowerDefenseTemplate/Data/Agents/Hovercopter.asset
  artifactKey: Guid(f288f6c0804db40c393d7c70b6cca646) Importer(815301076,1909f56bfc062723c751e8b465ee728b)
Start importing Assets/UnityTechnologies/TowerDefenseTemplate/Data/Agents/Hovercopter.asset using Guid(f288f6c0804db40c393d7c70b6cca646) Importer(815301076,1909f56bfc062723c751e8b465ee728b)  -> (artifact id: 'f6c28c72ab20f5b2d3e03097df7b4047') in 0.016567 seconds 
========================================================================
Received Import Request.
  Time since last request: 0.000023 seconds.
  path: Assets/UnityTechnologies/TowerDefenseTemplate/Data/Agents/Super Hovertank.asset
  artifactKey: Guid(044f0f5c89b974431b9cb2861bd22375) Importer(815301076,1909f56bfc062723c751e8b465ee728b)
Start importing Assets/UnityTechnologies/TowerDefenseTemplate/Data/Agents/Super Hovertank.asset using Guid(044f0f5c89b974431b9cb2861bd22375) Importer(815301076,1909f56bfc062723c751e8b465ee728b)  -> (artifact id: '008acace3e06072331346add90da7b80') in 0.007158 seconds 
========================================================================
Received Import Request.
  Time since last request: 38.852657 seconds.
  path: Assets/UnityTechnologies/TowerDefenseTemplate/Particles/Prefabs/BulletHit.prefab
  artifactKey: Guid(a4e0e87699dbd400aaf85d616d2618f8) Importer(815301076,1909f56bfc062723c751e8b465ee728b)
Start importing Assets/UnityTechnologies/TowerDefenseTemplate/Particles/Prefabs/BulletHit.prefab using Guid(a4e0e87699dbd400aaf85d616d2618f8) Importer(815301076,1909f56bfc062723c751e8b465ee728b)  -> (artifact id: '94eddb1ff983b82766c0e519fa5f551d') in 0.035060 seconds 
========================================================================
Received Import Request.
  Time since last request: 0.000040 seconds.
  path: Assets/UnityTechnologies/TowerDefenseTemplate/Particles/Prefabs/RocketTrail.prefab
  artifactKey: Guid(ea352f082d23a483daa35dba1978a527) Importer(815301076,1909f56bfc062723c751e8b465ee728b)
Start importing Assets/UnityTechnologies/TowerDefenseTemplate/Particles/Prefabs/RocketTrail.prefab using Guid(ea352f082d23a483daa35dba1978a527) Importer(815301076,1909f56bfc062723c751e8b465ee728b)  -> (artifact id: 'e2f0f40d6799701218b2852bb06355a7') in 0.038493 seconds 
========================================================================
Received Import Request.
  Time since last request: 2.819205 seconds.
  path: Assets/UnityTechnologies/TowerDefenseTemplate/Particles/Textures/BuggyHover_sprite.png
  artifactKey: Guid(c814a2622f6ef4814ac3535985aa6bdf) Importer(815301076,1909f56bfc062723c751e8b465ee728b)
Start importing Assets/UnityTechnologies/TowerDefenseTemplate/Particles/Textures/BuggyHover_sprite.png using Guid(c814a2622f6ef4814ac3535985aa6bdf) Importer(815301076,1909f56bfc062723c751e8b465ee728b)  -> (artifact id: '5c3d16f3b75e56dcda33dab07ab96968') in 0.050725 seconds 
========================================================================
Received Import Request.
  Time since last request: 0.000040 seconds.
  path: Assets/UnityTechnologies/TowerDefenseTemplate/Particles/Textures/EnergyGainLightning.png
  artifactKey: Guid(94633ab8756ce4633a647281533c0c1b) Importer(815301076,1909f56bfc062723c751e8b465ee728b)
Start importing Assets/UnityTechnologies/TowerDefenseTemplate/Particles/Textures/EnergyGainLightning.png using Guid(94633ab8756ce4633a647281533c0c1b) Importer(815301076,1909f56bfc062723c751e8b465ee728b)  -> (artifact id: 'c6f7dfac889969ff02637b0ccd2caf1d') in 0.010238 seconds 
Editor requested this worker to shutdown with reason: Scaling down because of idle timeout
AssetImportWorker is now disconnected from the server
Process exiting
Exiting without the bug reporter. Application will terminate with return code 0